#-----------------------------------------------------------
# Vivado v2020.2 (64-bit)
# SW Build 3064766 on Wed Nov 18 09:12:45 MST 2020
# IP Build 3064653 on Wed Nov 18 14:17:31 MST 2020
# Start of session at: Thu Oct  5 08:16:32 2023
# Process ID: 16272
# Current directory: C:/Users/klinez/ECE212_Kline_Wurm/Lab 03/project/Lab03
# Command line: vivado.exe -gui_launcher_event rodinguilauncherevent7912 C:\Users\klinez\ECE212_Kline_Wurm\Lab 03\project\Lab03\Lab03.xpr
# Log file: C:/Users/klinez/ECE212_Kline_Wurm/Lab 03/project/Lab03/vivado.log
# Journal file: C:/Users/klinez/ECE212_Kline_Wurm/Lab 03/project/Lab03\vivado.jou
#-----------------------------------------------------------
start_gui
open_project {C:/Users/klinez/ECE212_Kline_Wurm/Lab 03/project/Lab03/Lab03.xpr}
WARNING: [filemgmt 56-3] Default IP Output Path : Could not find the directory 'C:/Users/klinez/ECE212_Kline_Wurm/Lab 03/project/Lab03/Lab03.gen/sources_1'.
Scanning sources...
Finished scanning sources
INFO: [IP_Flow 19-234] Refreshing IP repositories
INFO: [IP_Flow 19-1704] No user IP repositories specified
INFO: [IP_Flow 19-2313] Loaded Vivado IP repository 'C:/Xilinx/Vivado/2020.2/data/ip'.
open_project: Time (s): cpu = 00:00:01 ; elapsed = 00:00:05 . Memory (MB): peak = 1088.855 ; gain = 0.000
update_compile_order -fileset sources_1
reset_run synth_1
launch_runs impl_1 -to_step write_bitstream -jobs 6
[Thu Oct  5 08:17:02 2023] Launched synth_1...
Run output will be captured here: C:/Users/klinez/ECE212_Kline_Wurm/Lab 03/project/Lab03/Lab03.runs/synth_1/runme.log
[Thu Oct  5 08:17:02 2023] Launched impl_1...
Run output will be captured here: C:/Users/klinez/ECE212_Kline_Wurm/Lab 03/project/Lab03/Lab03.runs/impl_1/runme.log
open_hw_manager
connect_hw_server -allow_non_jtag
INFO: [Labtools 27-2285] Connecting to hw_server url TCP:localhost:3121
INFO: [Labtools 27-2222] Launching hw_server...
INFO: [Labtools 27-2221] Launch Output:

****** Xilinx hw_server v2020.2
  **** Build date : Nov 18 2020 at 10:01:48
    ** Copyright 1986-2020 Xilinx, Inc. All Rights Reserved.


INFO: [Labtools 27-3415] Connecting to cs_server url TCP:localhost:3042
INFO: [Labtools 27-3417] Launching cs_server...
INFO: [Labtools 27-2221] Launch Output:


******** Xilinx cs_server v2020.2
  ****** Build date   : Nov 03 2020-16:02:56
    **** Build number : 2020.2.1604437376
      ** Copyright 2017-2020 Xilinx, Inc. All Rights Reserved.



connect_hw_server: Time (s): cpu = 00:00:00 ; elapsed = 00:00:08 . Memory (MB): peak = 1088.855 ; gain = 0.000
open_hw_target
INFO: [Labtoolstcl 44-466] Opening hw_target localhost:3121/xilinx_tcf/Digilent/210292AE2530A
set_property PROGRAM.FILE {C:/Users/klinez/ECE212_Kline_Wurm/Lab 03/project/Lab03/Lab03.runs/impl_1/lab03_top.bit} [get_hw_devices xc7a100t_0]
current_hw_device [get_hw_devices xc7a100t_0]
refresh_hw_device -update_hw_probes false [lindex [get_hw_devices xc7a100t_0] 0]
INFO: [Labtools 27-1435] Device xc7a100t (JTAG device index = 0) is not programmed (DONE status = 0).
set_property PROBES.FILE {} [get_hw_devices xc7a100t_0]
set_property FULL_PROBES.FILE {} [get_hw_devices xc7a100t_0]
set_property PROGRAM.FILE {C:/Users/klinez/ECE212_Kline_Wurm/Lab 03/project/Lab03/Lab03.runs/impl_1/lab03_top.bit} [get_hw_devices xc7a100t_0]
program_hw_devices [get_hw_devices xc7a100t_0]
INFO: [Labtools 27-3164] End of startup status: HIGH
refresh_hw_device [lindex [get_hw_devices xc7a100t_0] 0]
INFO: [Labtools 27-1434] Device xc7a100t (JTAG device index = 0) is programmed with a design that has no supported debug core(s) in it.
reset_run synth_1
launch_runs impl_1 -to_step write_bitstream -jobs 6
[Thu Oct  5 08:34:18 2023] Launched synth_1...
Run output will be captured here: C:/Users/klinez/ECE212_Kline_Wurm/Lab 03/project/Lab03/Lab03.runs/synth_1/runme.log
[Thu Oct  5 08:34:18 2023] Launched impl_1...
Run output will be captured here: C:/Users/klinez/ECE212_Kline_Wurm/Lab 03/project/Lab03/Lab03.runs/impl_1/runme.log
set_property PROBES.FILE {} [get_hw_devices xc7a100t_0]
set_property FULL_PROBES.FILE {} [get_hw_devices xc7a100t_0]
set_property PROGRAM.FILE {C:/Users/klinez/ECE212_Kline_Wurm/Lab 03/project/Lab03/Lab03.runs/impl_1/lab03_top.bit} [get_hw_devices xc7a100t_0]
program_hw_devices [get_hw_devices xc7a100t_0]
INFO: [Labtools 27-3164] End of startup status: HIGH
refresh_hw_device [lindex [get_hw_devices xc7a100t_0] 0]
INFO: [Labtools 27-1434] Device xc7a100t (JTAG device index = 0) is programmed with a design that has no supported debug core(s) in it.
reset_run synth_1
launch_runs impl_1 -to_step write_bitstream -jobs 6
[Thu Oct  5 08:38:34 2023] Launched synth_1...
Run output will be captured here: C:/Users/klinez/ECE212_Kline_Wurm/Lab 03/project/Lab03/Lab03.runs/synth_1/runme.log
[Thu Oct  5 08:38:34 2023] Launched impl_1...
Run output will be captured here: C:/Users/klinez/ECE212_Kline_Wurm/Lab 03/project/Lab03/Lab03.runs/impl_1/runme.log
open_run impl_1
INFO: [Device 21-403] Loading part xc7a100tcsg324-1
Netlist sorting complete. Time (s): cpu = 00:00:00 ; elapsed = 00:00:00.003 . Memory (MB): peak = 2985.336 ; gain = 0.000
INFO: [Netlist 29-17] Analyzing 33 Unisim elements for replacement
INFO: [Netlist 29-28] Unisim Transformation completed in 0 CPU seconds
INFO: [Project 1-479] Netlist was created with Vivado 2020.2
INFO: [Project 1-570] Preparing netlist for logic optimization
INFO: [Timing 38-478] Restoring timing data from binary archive.
INFO: [Timing 38-479] Binary timing data restore complete.
INFO: [Project 1-856] Restoring constraints from binary archive.
INFO: [Project 1-853] Binary constraint restore complete.
Reading XDEF placement.
Reading placer database...
Reading XDEF routing.
Read XDEF File: Time (s): cpu = 00:00:00 ; elapsed = 00:00:00.049 . Memory (MB): peak = 3678.707 ; gain = 0.000
Restored from archive | CPU: 0.000000 secs | Memory: 0.000000 MB |
Finished XDEF File Restore: Time (s): cpu = 00:00:00 ; elapsed = 00:00:00.049 . Memory (MB): peak = 3678.707 ; gain = 0.000
Netlist sorting complete. Time (s): cpu = 00:00:00 ; elapsed = 00:00:00 . Memory (MB): peak = 3678.707 ; gain = 0.000
INFO: [Project 1-111] Unisim Transformation Summary:
  A total of 2 instances were transformed.
  IOBUF => IOBUF (IBUF, OBUFT): 2 instances

open_run: Time (s): cpu = 00:00:09 ; elapsed = 00:00:17 . Memory (MB): peak = 3829.773 ; gain = 1146.945
close_design
set_property PROBES.FILE {} [get_hw_devices xc7a100t_0]
set_property FULL_PROBES.FILE {} [get_hw_devices xc7a100t_0]
set_property PROGRAM.FILE {C:/Users/klinez/ECE212_Kline_Wurm/Lab 03/project/Lab03/Lab03.runs/impl_1/lab03_top.bit} [get_hw_devices xc7a100t_0]
program_hw_devices [get_hw_devices xc7a100t_0]
INFO: [Labtools 27-3164] End of startup status: HIGH
refresh_hw_device [lindex [get_hw_devices xc7a100t_0] 0]
INFO: [Labtools 27-1434] Device xc7a100t (JTAG device index = 0) is programmed with a design that has no supported debug core(s) in it.
reset_run synth_1
launch_runs impl_1 -to_step write_bitstream -jobs 6
[Thu Oct  5 08:41:42 2023] Launched synth_1...
Run output will be captured here: C:/Users/klinez/ECE212_Kline_Wurm/Lab 03/project/Lab03/Lab03.runs/synth_1/runme.log
[Thu Oct  5 08:41:42 2023] Launched impl_1...
Run output will be captured here: C:/Users/klinez/ECE212_Kline_Wurm/Lab 03/project/Lab03/Lab03.runs/impl_1/runme.log
set_property PROBES.FILE {} [get_hw_devices xc7a100t_0]
set_property FULL_PROBES.FILE {} [get_hw_devices xc7a100t_0]
set_property PROGRAM.FILE {C:/Users/klinez/ECE212_Kline_Wurm/Lab 03/project/Lab03/Lab03.runs/impl_1/lab03_top.bit} [get_hw_devices xc7a100t_0]
program_hw_devices [get_hw_devices xc7a100t_0]
INFO: [Labtools 27-3164] End of startup status: HIGH
refresh_hw_device [lindex [get_hw_devices xc7a100t_0] 0]
INFO: [Labtools 27-1434] Device xc7a100t (JTAG device index = 0) is programmed with a design that has no supported debug core(s) in it.
reset_run synth_1
launch_runs impl_1 -to_step write_bitstream -jobs 6
[Thu Oct  5 08:44:09 2023] Launched synth_1...
Run output will be captured here: C:/Users/klinez/ECE212_Kline_Wurm/Lab 03/project/Lab03/Lab03.runs/synth_1/runme.log
[Thu Oct  5 08:44:09 2023] Launched impl_1...
Run output will be captured here: C:/Users/klinez/ECE212_Kline_Wurm/Lab 03/project/Lab03/Lab03.runs/impl_1/runme.log
close_hw_manager
open_hw_manager
connect_hw_server -allow_non_jtag
INFO: [Labtools 27-2285] Connecting to hw_server url TCP:localhost:3121
INFO: [Labtools 27-3415] Connecting to cs_server url TCP:localhost:3042
INFO: [Labtools 27-3414] Connected to existing cs_server.
open_hw_target
INFO: [Labtoolstcl 44-466] Opening hw_target localhost:3121/xilinx_tcf/Digilent/210292AE2530A
set_property PROGRAM.FILE {C:/Users/klinez/ECE212_Kline_Wurm/Lab 03/project/Lab03/Lab03.runs/impl_1/lab03_top.bit} [get_hw_devices xc7a100t_0]
current_hw_device [get_hw_devices xc7a100t_0]
refresh_hw_device -update_hw_probes false [lindex [get_hw_devices xc7a100t_0] 0]
INFO: [Labtools 27-1434] Device xc7a100t (JTAG device index = 0) is programmed with a design that has no supported debug core(s) in it.
set_property PROBES.FILE {} [get_hw_devices xc7a100t_0]
set_property FULL_PROBES.FILE {} [get_hw_devices xc7a100t_0]
set_property PROGRAM.FILE {C:/Users/klinez/ECE212_Kline_Wurm/Lab 03/project/Lab03/Lab03.runs/impl_1/lab03_top.bit} [get_hw_devices xc7a100t_0]
program_hw_devices [get_hw_devices xc7a100t_0]
INFO: [Labtools 27-3164] End of startup status: HIGH
refresh_hw_device [lindex [get_hw_devices xc7a100t_0] 0]
INFO: [Labtools 27-1434] Device xc7a100t (JTAG device index = 0) is programmed with a design that has no supported debug core(s) in it.
reset_run synth_1
launch_runs impl_1 -to_step write_bitstream -jobs 6
[Thu Oct  5 08:58:31 2023] Launched synth_1...
Run output will be captured here: C:/Users/klinez/ECE212_Kline_Wurm/Lab 03/project/Lab03/Lab03.runs/synth_1/runme.log
[Thu Oct  5 08:58:31 2023] Launched impl_1...
Run output will be captured here: C:/Users/klinez/ECE212_Kline_Wurm/Lab 03/project/Lab03/Lab03.runs/impl_1/runme.log
set_property PROBES.FILE {} [get_hw_devices xc7a100t_0]
set_property FULL_PROBES.FILE {} [get_hw_devices xc7a100t_0]
set_property PROGRAM.FILE {C:/Users/klinez/ECE212_Kline_Wurm/Lab 03/project/Lab03/Lab03.runs/impl_1/lab03_top.bit} [get_hw_devices xc7a100t_0]
program_hw_devices [get_hw_devices xc7a100t_0]
INFO: [Labtools 27-3164] End of startup status: HIGH
refresh_hw_device [lindex [get_hw_devices xc7a100t_0] 0]
INFO: [Labtools 27-1434] Device xc7a100t (JTAG device index = 0) is programmed with a design that has no supported debug core(s) in it.
reset_run synth_1
launch_runs impl_1 -to_step write_bitstream -jobs 6
[Thu Oct  5 09:11:56 2023] Launched synth_1...
Run output will be captured here: C:/Users/klinez/ECE212_Kline_Wurm/Lab 03/project/Lab03/Lab03.runs/synth_1/runme.log
[Thu Oct  5 09:11:56 2023] Launched impl_1...
Run output will be captured here: C:/Users/klinez/ECE212_Kline_Wurm/Lab 03/project/Lab03/Lab03.runs/impl_1/runme.log
reset_run synth_1
launch_runs impl_1 -to_step write_bitstream -jobs 6
[Thu Oct  5 09:14:50 2023] Launched synth_1...
Run output will be captured here: C:/Users/klinez/ECE212_Kline_Wurm/Lab 03/project/Lab03/Lab03.runs/synth_1/runme.log
[Thu Oct  5 09:14:50 2023] Launched impl_1...
Run output will be captured here: C:/Users/klinez/ECE212_Kline_Wurm/Lab 03/project/Lab03/Lab03.runs/impl_1/runme.log
reset_run synth_1
launch_runs impl_1 -to_step write_bitstream -jobs 6
[Thu Oct  5 09:16:14 2023] Launched synth_1...
Run output will be captured here: C:/Users/klinez/ECE212_Kline_Wurm/Lab 03/project/Lab03/Lab03.runs/synth_1/runme.log
[Thu Oct  5 09:16:14 2023] Launched impl_1...
Run output will be captured here: C:/Users/klinez/ECE212_Kline_Wurm/Lab 03/project/Lab03/Lab03.runs/impl_1/runme.log
reset_run synth_1
launch_runs impl_1 -to_step write_bitstream -jobs 6
[Thu Oct  5 09:18:23 2023] Launched synth_1...
Run output will be captured here: C:/Users/klinez/ECE212_Kline_Wurm/Lab 03/project/Lab03/Lab03.runs/synth_1/runme.log
[Thu Oct  5 09:18:23 2023] Launched impl_1...
Run output will be captured here: C:/Users/klinez/ECE212_Kline_Wurm/Lab 03/project/Lab03/Lab03.runs/impl_1/runme.log
set_property PROBES.FILE {} [get_hw_devices xc7a100t_0]
set_property FULL_PROBES.FILE {} [get_hw_devices xc7a100t_0]
set_property PROGRAM.FILE {C:/Users/klinez/ECE212_Kline_Wurm/Lab 03/project/Lab03/Lab03.runs/impl_1/lab03_top.bit} [get_hw_devices xc7a100t_0]
program_hw_devices [get_hw_devices xc7a100t_0]
INFO: [Labtools 27-3164] End of startup status: HIGH
refresh_hw_device [lindex [get_hw_devices xc7a100t_0] 0]
INFO: [Labtools 27-1434] Device xc7a100t (JTAG device index = 0) is programmed with a design that has no supported debug core(s) in it.
reset_run synth_1
launch_runs impl_1 -to_step write_bitstream -jobs 6
[Thu Oct  5 09:28:51 2023] Launched synth_1...
Run output will be captured here: C:/Users/klinez/ECE212_Kline_Wurm/Lab 03/project/Lab03/Lab03.runs/synth_1/runme.log
[Thu Oct  5 09:28:51 2023] Launched impl_1...
Run output will be captured here: C:/Users/klinez/ECE212_Kline_Wurm/Lab 03/project/Lab03/Lab03.runs/impl_1/runme.log
set_property PROBES.FILE {} [get_hw_devices xc7a100t_0]
set_property FULL_PROBES.FILE {} [get_hw_devices xc7a100t_0]
set_property PROGRAM.FILE {C:/Users/klinez/ECE212_Kline_Wurm/Lab 03/project/Lab03/Lab03.runs/impl_1/lab03_top.bit} [get_hw_devices xc7a100t_0]
program_hw_devices [get_hw_devices xc7a100t_0]
INFO: [Labtools 27-3164] End of startup status: HIGH
refresh_hw_device [lindex [get_hw_devices xc7a100t_0] 0]
INFO: [Labtools 27-1434] Device xc7a100t (JTAG device index = 0) is programmed with a design that has no supported debug core(s) in it.
reset_run synth_1
launch_runs impl_1 -to_step write_bitstream -jobs 6
[Thu Oct  5 09:32:25 2023] Launched synth_1...
Run output will be captured here: C:/Users/klinez/ECE212_Kline_Wurm/Lab 03/project/Lab03/Lab03.runs/synth_1/runme.log
[Thu Oct  5 09:32:25 2023] Launched impl_1...
Run output will be captured here: C:/Users/klinez/ECE212_Kline_Wurm/Lab 03/project/Lab03/Lab03.runs/impl_1/runme.log
reset_run synth_1
WARNING: [Vivado 12-1017] Problems encountered:
1. Failed to delete one or more files in run directory C:/Users/klinez/ECE212_Kline_Wurm/Lab 03/project/Lab03/Lab03.runs/synth_1

launch_runs impl_1 -to_step write_bitstream -jobs 6
[Thu Oct  5 09:32:39 2023] Launched synth_1...
Run output will be captured here: C:/Users/klinez/ECE212_Kline_Wurm/Lab 03/project/Lab03/Lab03.runs/synth_1/runme.log
[Thu Oct  5 09:32:39 2023] Launched impl_1...
Run output will be captured here: C:/Users/klinez/ECE212_Kline_Wurm/Lab 03/project/Lab03/Lab03.runs/impl_1/runme.log
set_property PROBES.FILE {} [get_hw_devices xc7a100t_0]
set_property FULL_PROBES.FILE {} [get_hw_devices xc7a100t_0]
set_property PROGRAM.FILE {C:/Users/klinez/ECE212_Kline_Wurm/Lab 03/project/Lab03/Lab03.runs/impl_1/lab03_top.bit} [get_hw_devices xc7a100t_0]
program_hw_devices [get_hw_devices xc7a100t_0]
INFO: [Labtools 27-3164] End of startup status: HIGH
refresh_hw_device [lindex [get_hw_devices xc7a100t_0] 0]
INFO: [Labtools 27-1434] Device xc7a100t (JTAG device index = 0) is programmed with a design that has no supported debug core(s) in it.
reset_run synth_1
launch_runs impl_1 -to_step write_bitstream -jobs 6
[Thu Oct  5 09:35:09 2023] Launched synth_1...
Run output will be captured here: C:/Users/klinez/ECE212_Kline_Wurm/Lab 03/project/Lab03/Lab03.runs/synth_1/runme.log
[Thu Oct  5 09:35:09 2023] Launched impl_1...
Run output will be captured here: C:/Users/klinez/ECE212_Kline_Wurm/Lab 03/project/Lab03/Lab03.runs/impl_1/runme.log
set_property PROBES.FILE {} [get_hw_devices xc7a100t_0]
set_property FULL_PROBES.FILE {} [get_hw_devices xc7a100t_0]
set_property PROGRAM.FILE {C:/Users/klinez/ECE212_Kline_Wurm/Lab 03/project/Lab03/Lab03.runs/impl_1/lab03_top.bit} [get_hw_devices xc7a100t_0]
program_hw_devices [get_hw_devices xc7a100t_0]
INFO: [Labtools 27-3164] End of startup status: HIGH
refresh_hw_device [lindex [get_hw_devices xc7a100t_0] 0]
INFO: [Labtools 27-1434] Device xc7a100t (JTAG device index = 0) is programmed with a design that has no supported debug core(s) in it.
reset_run synth_1
launch_runs impl_1 -to_step write_bitstream -jobs 6
[Thu Oct  5 09:51:17 2023] Launched synth_1...
Run output will be captured here: C:/Users/klinez/ECE212_Kline_Wurm/Lab 03/project/Lab03/Lab03.runs/synth_1/runme.log
[Thu Oct  5 09:51:17 2023] Launched impl_1...
Run output will be captured here: C:/Users/klinez/ECE212_Kline_Wurm/Lab 03/project/Lab03/Lab03.runs/impl_1/runme.log
set_property PROBES.FILE {} [get_hw_devices xc7a100t_0]
set_property FULL_PROBES.FILE {} [get_hw_devices xc7a100t_0]
set_property PROGRAM.FILE {C:/Users/klinez/ECE212_Kline_Wurm/Lab 03/project/Lab03/Lab03.runs/impl_1/lab03_top.bit} [get_hw_devices xc7a100t_0]
program_hw_devices [get_hw_devices xc7a100t_0]
INFO: [Labtools 27-3164] End of startup status: HIGH
refresh_hw_device [lindex [get_hw_devices xc7a100t_0] 0]
INFO: [Labtools 27-1434] Device xc7a100t (JTAG device index = 0) is programmed with a design that has no supported debug core(s) in it.
reset_run synth_1
launch_runs impl_1 -to_step write_bitstream -jobs 6
[Thu Oct  5 09:54:53 2023] Launched synth_1...
Run output will be captured here: C:/Users/klinez/ECE212_Kline_Wurm/Lab 03/project/Lab03/Lab03.runs/synth_1/runme.log
[Thu Oct  5 09:54:53 2023] Launched impl_1...
Run output will be captured here: C:/Users/klinez/ECE212_Kline_Wurm/Lab 03/project/Lab03/Lab03.runs/impl_1/runme.log
set_property PROBES.FILE {} [get_hw_devices xc7a100t_0]
set_property FULL_PROBES.FILE {} [get_hw_devices xc7a100t_0]
set_property PROGRAM.FILE {C:/Users/klinez/ECE212_Kline_Wurm/Lab 03/project/Lab03/Lab03.runs/impl_1/lab03_top.bit} [get_hw_devices xc7a100t_0]
program_hw_devices [get_hw_devices xc7a100t_0]
INFO: [Labtools 27-3164] End of startup status: HIGH
refresh_hw_device [lindex [get_hw_devices xc7a100t_0] 0]
INFO: [Labtools 27-1434] Device xc7a100t (JTAG device index = 0) is programmed with a design that has no supported debug core(s) in it.
reset_run synth_1
launch_runs impl_1 -to_step write_bitstream -jobs 6
[Thu Oct  5 09:59:02 2023] Launched synth_1...
Run output will be captured here: C:/Users/klinez/ECE212_Kline_Wurm/Lab 03/project/Lab03/Lab03.runs/synth_1/runme.log
[Thu Oct  5 09:59:02 2023] Launched impl_1...
Run output will be captured here: C:/Users/klinez/ECE212_Kline_Wurm/Lab 03/project/Lab03/Lab03.runs/impl_1/runme.log
set_property PROBES.FILE {} [get_hw_devices xc7a100t_0]
set_property FULL_PROBES.FILE {} [get_hw_devices xc7a100t_0]
set_property PROGRAM.FILE {C:/Users/klinez/ECE212_Kline_Wurm/Lab 03/project/Lab03/Lab03.runs/impl_1/lab03_top.bit} [get_hw_devices xc7a100t_0]
program_hw_devices [get_hw_devices xc7a100t_0]
INFO: [Labtools 27-3164] End of startup status: HIGH
refresh_hw_device [lindex [get_hw_devices xc7a100t_0] 0]
INFO: [Labtools 27-1434] Device xc7a100t (JTAG device index = 0) is programmed with a design that has no supported debug core(s) in it.
reset_run synth_1
launch_runs impl_1 -to_step write_bitstream -jobs 6
[Thu Oct  5 10:12:47 2023] Launched synth_1...
Run output will be captured here: C:/Users/klinez/ECE212_Kline_Wurm/Lab 03/project/Lab03/Lab03.runs/synth_1/runme.log
[Thu Oct  5 10:12:47 2023] Launched impl_1...
Run output will be captured here: C:/Users/klinez/ECE212_Kline_Wurm/Lab 03/project/Lab03/Lab03.runs/impl_1/runme.log
set_property PROBES.FILE {} [get_hw_devices xc7a100t_0]
set_property FULL_PROBES.FILE {} [get_hw_devices xc7a100t_0]
set_property PROGRAM.FILE {C:/Users/klinez/ECE212_Kline_Wurm/Lab 03/project/Lab03/Lab03.runs/impl_1/lab03_top.bit} [get_hw_devices xc7a100t_0]
program_hw_devices [get_hw_devices xc7a100t_0]
INFO: [Labtools 27-3164] End of startup status: HIGH
refresh_hw_device [lindex [get_hw_devices xc7a100t_0] 0]
INFO: [Labtools 27-1434] Device xc7a100t (JTAG device index = 0) is programmed with a design that has no supported debug core(s) in it.
reset_run synth_1
launch_runs impl_1 -to_step write_bitstream -jobs 6
[Thu Oct  5 10:16:30 2023] Launched synth_1...
Run output will be captured here: C:/Users/klinez/ECE212_Kline_Wurm/Lab 03/project/Lab03/Lab03.runs/synth_1/runme.log
[Thu Oct  5 10:16:30 2023] Launched impl_1...
Run output will be captured here: C:/Users/klinez/ECE212_Kline_Wurm/Lab 03/project/Lab03/Lab03.runs/impl_1/runme.log
set_property PROBES.FILE {} [get_hw_devices xc7a100t_0]
set_property FULL_PROBES.FILE {} [get_hw_devices xc7a100t_0]
set_property PROGRAM.FILE {C:/Users/klinez/ECE212_Kline_Wurm/Lab 03/project/Lab03/Lab03.runs/impl_1/lab03_top.bit} [get_hw_devices xc7a100t_0]
program_hw_devices [get_hw_devices xc7a100t_0]
INFO: [Labtools 27-3164] End of startup status: HIGH
refresh_hw_device [lindex [get_hw_devices xc7a100t_0] 0]
INFO: [Labtools 27-1434] Device xc7a100t (JTAG device index = 0) is programmed with a design that has no supported debug core(s) in it.
reset_run synth_1
launch_runs impl_1 -to_step write_bitstream -jobs 6
[Thu Oct  5 10:22:48 2023] Launched synth_1...
Run output will be captured here: C:/Users/klinez/ECE212_Kline_Wurm/Lab 03/project/Lab03/Lab03.runs/synth_1/runme.log
[Thu Oct  5 10:22:48 2023] Launched impl_1...
Run output will be captured here: C:/Users/klinez/ECE212_Kline_Wurm/Lab 03/project/Lab03/Lab03.runs/impl_1/runme.log
set_property PROBES.FILE {} [get_hw_devices xc7a100t_0]
set_property FULL_PROBES.FILE {} [get_hw_devices xc7a100t_0]
set_property PROGRAM.FILE {C:/Users/klinez/ECE212_Kline_Wurm/Lab 03/project/Lab03/Lab03.runs/impl_1/lab03_top.bit} [get_hw_devices xc7a100t_0]
program_hw_devices [get_hw_devices xc7a100t_0]
INFO: [Labtools 27-3164] End of startup status: HIGH
refresh_hw_device [lindex [get_hw_devices xc7a100t_0] 0]
INFO: [Labtools 27-1434] Device xc7a100t (JTAG device index = 0) is programmed with a design that has no supported debug core(s) in it.
set_property PROBES.FILE {} [get_hw_devices xc7a100t_0]
set_property FULL_PROBES.FILE {} [get_hw_devices xc7a100t_0]
set_property PROGRAM.FILE {C:/Users/klinez/ECE212_Kline_Wurm/Lab 03/project/Lab03/Lab03.runs/impl_1/lab03_top.bit} [get_hw_devices xc7a100t_0]
program_hw_devices [get_hw_devices xc7a100t_0]
INFO: [Labtools 27-3164] End of startup status: HIGH
refresh_hw_device [lindex [get_hw_devices xc7a100t_0] 0]
INFO: [Labtools 27-1434] Device xc7a100t (JTAG device index = 0) is programmed with a design that has no supported debug core(s) in it.
reset_run synth_1
launch_runs impl_1 -to_step write_bitstream -jobs 6
[Thu Oct  5 10:27:16 2023] Launched synth_1...
Run output will be captured here: C:/Users/klinez/ECE212_Kline_Wurm/Lab 03/project/Lab03/Lab03.runs/synth_1/runme.log
[Thu Oct  5 10:27:16 2023] Launched impl_1...
Run output will be captured here: C:/Users/klinez/ECE212_Kline_Wurm/Lab 03/project/Lab03/Lab03.runs/impl_1/runme.log
set_property PROBES.FILE {} [get_hw_devices xc7a100t_0]
set_property FULL_PROBES.FILE {} [get_hw_devices xc7a100t_0]
set_property PROGRAM.FILE {C:/Users/klinez/ECE212_Kline_Wurm/Lab 03/project/Lab03/Lab03.runs/impl_1/lab03_top.bit} [get_hw_devices xc7a100t_0]
program_hw_devices [get_hw_devices xc7a100t_0]
INFO: [Labtools 27-3164] End of startup status: HIGH
refresh_hw_device [lindex [get_hw_devices xc7a100t_0] 0]
INFO: [Labtools 27-1434] Device xc7a100t (JTAG device index = 0) is programmed with a design that has no supported debug core(s) in it.
reset_run synth_1
launch_runs impl_1 -to_step write_bitstream -jobs 6
[Thu Oct  5 10:46:50 2023] Launched synth_1...
Run output will be captured here: C:/Users/klinez/ECE212_Kline_Wurm/Lab 03/project/Lab03/Lab03.runs/synth_1/runme.log
[Thu Oct  5 10:46:50 2023] Launched impl_1...
Run output will be captured here: C:/Users/klinez/ECE212_Kline_Wurm/Lab 03/project/Lab03/Lab03.runs/impl_1/runme.log
reset_run synth_1
launch_runs impl_1 -to_step write_bitstream -jobs 6
[Thu Oct  5 10:47:38 2023] Launched synth_1...
Run output will be captured here: C:/Users/klinez/ECE212_Kline_Wurm/Lab 03/project/Lab03/Lab03.runs/synth_1/runme.log
[Thu Oct  5 10:47:38 2023] Launched impl_1...
Run output will be captured here: C:/Users/klinez/ECE212_Kline_Wurm/Lab 03/project/Lab03/Lab03.runs/impl_1/runme.log
set_property PROBES.FILE {} [get_hw_devices xc7a100t_0]
set_property FULL_PROBES.FILE {} [get_hw_devices xc7a100t_0]
set_property PROGRAM.FILE {C:/Users/klinez/ECE212_Kline_Wurm/Lab 03/project/Lab03/Lab03.runs/impl_1/lab03_top.bit} [get_hw_devices xc7a100t_0]
program_hw_devices [get_hw_devices xc7a100t_0]
INFO: [Labtools 27-3164] End of startup status: HIGH
refresh_hw_device [lindex [get_hw_devices xc7a100t_0] 0]
INFO: [Labtools 27-1434] Device xc7a100t (JTAG device index = 0) is programmed with a design that has no supported debug core(s) in it.
reset_run synth_1
launch_runs impl_1 -to_step write_bitstream -jobs 6
[Thu Oct  5 10:59:52 2023] Launched synth_1...
Run output will be captured here: C:/Users/klinez/ECE212_Kline_Wurm/Lab 03/project/Lab03/Lab03.runs/synth_1/runme.log
[Thu Oct  5 10:59:52 2023] Launched impl_1...
Run output will be captured here: C:/Users/klinez/ECE212_Kline_Wurm/Lab 03/project/Lab03/Lab03.runs/impl_1/runme.log
set_property PROBES.FILE {} [get_hw_devices xc7a100t_0]
set_property FULL_PROBES.FILE {} [get_hw_devices xc7a100t_0]
set_property PROGRAM.FILE {C:/Users/klinez/ECE212_Kline_Wurm/Lab 03/project/Lab03/Lab03.runs/impl_1/lab03_top.bit} [get_hw_devices xc7a100t_0]
program_hw_devices [get_hw_devices xc7a100t_0]
INFO: [Labtools 27-3164] End of startup status: HIGH
refresh_hw_device [lindex [get_hw_devices xc7a100t_0] 0]
INFO: [Labtools 27-1434] Device xc7a100t (JTAG device index = 0) is programmed with a design that has no supported debug core(s) in it.
reset_run synth_1
launch_runs impl_1 -to_step write_bitstream -jobs 6
[Thu Oct  5 11:03:26 2023] Launched synth_1...
Run output will be captured here: C:/Users/klinez/ECE212_Kline_Wurm/Lab 03/project/Lab03/Lab03.runs/synth_1/runme.log
[Thu Oct  5 11:03:26 2023] Launched impl_1...
Run output will be captured here: C:/Users/klinez/ECE212_Kline_Wurm/Lab 03/project/Lab03/Lab03.runs/impl_1/runme.log
set_property PROBES.FILE {} [get_hw_devices xc7a100t_0]
set_property FULL_PROBES.FILE {} [get_hw_devices xc7a100t_0]
set_property PROGRAM.FILE {C:/Users/klinez/ECE212_Kline_Wurm/Lab 03/project/Lab03/Lab03.runs/impl_1/lab03_top.bit} [get_hw_devices xc7a100t_0]
program_hw_devices [get_hw_devices xc7a100t_0]
INFO: [Labtools 27-3164] End of startup status: HIGH
refresh_hw_device [lindex [get_hw_devices xc7a100t_0] 0]
INFO: [Labtools 27-1434] Device xc7a100t (JTAG device index = 0) is programmed with a design that has no supported debug core(s) in it.
reset_run synth_1
launch_runs impl_1 -to_step write_bitstream -jobs 6
[Thu Oct  5 11:06:58 2023] Launched synth_1...
Run output will be captured here: C:/Users/klinez/ECE212_Kline_Wurm/Lab 03/project/Lab03/Lab03.runs/synth_1/runme.log
[Thu Oct  5 11:06:58 2023] Launched impl_1...
Run output will be captured here: C:/Users/klinez/ECE212_Kline_Wurm/Lab 03/project/Lab03/Lab03.runs/impl_1/runme.log
set_property PROBES.FILE {} [get_hw_devices xc7a100t_0]
set_property FULL_PROBES.FILE {} [get_hw_devices xc7a100t_0]
set_property PROGRAM.FILE {C:/Users/klinez/ECE212_Kline_Wurm/Lab 03/project/Lab03/Lab03.runs/impl_1/lab03_top.bit} [get_hw_devices xc7a100t_0]
program_hw_devices [get_hw_devices xc7a100t_0]
INFO: [Labtools 27-3164] End of startup status: HIGH
refresh_hw_device [lindex [get_hw_devices xc7a100t_0] 0]
INFO: [Labtools 27-1434] Device xc7a100t (JTAG device index = 0) is programmed with a design that has no supported debug core(s) in it.
exit
INFO: [Common 17-206] Exiting Vivado at Thu Oct  5 11:10:28 2023...
