#-----------------------------------------------------------
# Vivado v2020.2 (64-bit)
# SW Build 3064766 on Wed Nov 18 09:12:45 MST 2020
# IP Build 3064653 on Wed Nov 18 14:17:31 MST 2020
# Start of session at: Thu Oct 26 09:47:43 2023
# Process ID: 23648
# Current directory: C:/Users/klinez/ECE212_Kline_Wurm/Lab 03/project/Lab03
# Command line: vivado.exe -gui_launcher_event rodinguilauncherevent14988 C:\Users\klinez\ECE212_Kline_Wurm\Lab 03\project\Lab03\Lab03.xpr
# Log file: C:/Users/klinez/ECE212_Kline_Wurm/Lab 03/project/Lab03/vivado.log
# Journal file: C:/Users/klinez/ECE212_Kline_Wurm/Lab 03/project/Lab03\vivado.jou
#-----------------------------------------------------------
start_gui
open_project {C:/Users/klinez/ECE212_Kline_Wurm/Lab 03/project/Lab03/Lab03.xpr}
WARNING: [filemgmt 56-3] Default IP Output Path : Could not find the directory 'C:/Users/klinez/ECE212_Kline_Wurm/Lab 03/project/Lab03/Lab03.gen/sources_1'.
Scanning sources...
Finished scanning sources
INFO: [IP_Flow 19-234] Refreshing IP repositories
INFO: [IP_Flow 19-1704] No user IP repositories specified
INFO: [IP_Flow 19-2313] Loaded Vivado IP repository 'C:/Xilinx/Vivado/2020.2/data/ip'.
update_compile_order -fileset sources_1
exit
INFO: [Common 17-206] Exiting Vivado at Thu Oct 26 09:52:08 2023...
