#-----------------------------------------------------------
# Vivado v2020.2 (64-bit)
# SW Build 3064766 on Wed Nov 18 09:12:45 MST 2020
# IP Build 3064653 on Wed Nov 18 14:17:31 MST 2020
# Start of session at: Thu Oct 26 08:02:47 2023
# Process ID: 24416
# Current directory: C:/Users/klinez/ECE212_Kline_Wurm/Lab 04/project
# Command line: vivado.exe -gui_launcher_event rodinguilauncherevent3460 C:\Users\klinez\ECE212_Kline_Wurm\Lab 04\project\Lab 04.xpr
# Log file: C:/Users/klinez/ECE212_Kline_Wurm/Lab 04/project/vivado.log
# Journal file: C:/Users/klinez/ECE212_Kline_Wurm/Lab 04/project\vivado.jou
#-----------------------------------------------------------
start_gui
open_project {C:/Users/klinez/ECE212_Kline_Wurm/Lab 04/project/Lab 04.xpr}
INFO: [Project 1-313] Project file moved from 'C:/Users/klinez/ECE212_Kline_Wurm/Lab 03/project/Lab 04' since last save.
WARNING: [filemgmt 56-2] Default IP Output Path : Could not find the directory 'C:/Users/klinez/ECE212_Kline_Wurm/Lab 04/project/Lab 04.gen/sources_1', nor could it be found using path 'C:/Users/klinez/ECE212_Kline_Wurm/Lab 03/project/Lab 04/Lab 04.gen/sources_1'.
Scanning sources...
Finished scanning sources
INFO: [IP_Flow 19-234] Refreshing IP repositories
INFO: [IP_Flow 19-1704] No user IP repositories specified
INFO: [IP_Flow 19-2313] Loaded Vivado IP repository 'C:/Xilinx/Vivado/2020.2/data/ip'.
open_project: Time (s): cpu = 00:00:02 ; elapsed = 00:00:05 . Memory (MB): peak = 1111.105 ; gain = 0.000
eexit
INFO: [Common 17-206] Exiting Vivado at Thu Oct 26 08:07:27 2023...
