#-----------------------------------------------------------
# Vivado v2020.2 (64-bit)
# SW Build 3064766 on Wed Nov 18 09:12:45 MST 2020
# IP Build 3064653 on Wed Nov 18 14:17:31 MST 2020
# Start of session at: Thu Dec 14 12:55:09 2023
# Process ID: 8684
# Current directory: C:/Users/klinez/ECE212_Kline_Wurm/Lab08/Lab08
# Command line: vivado.exe -gui_launcher_event rodinguilauncherevent16168 C:\Users\klinez\ECE212_Kline_Wurm\Lab08\Lab08\Lab08.xpr
# Log file: C:/Users/klinez/ECE212_Kline_Wurm/Lab08/Lab08/vivado.log
# Journal file: C:/Users/klinez/ECE212_Kline_Wurm/Lab08/Lab08\vivado.jou
#-----------------------------------------------------------
start_gui
open_project C:/Users/klinez/ECE212_Kline_Wurm/Lab08/Lab08/Lab08.xpr
WARNING: [filemgmt 56-3] Default IP Output Path : Could not find the directory 'C:/Users/klinez/ECE212_Kline_Wurm/Lab08/Lab08/Lab08.gen/sources_1'.
Scanning sources...
Finished scanning sources
INFO: [IP_Flow 19-234] Refreshing IP repositories
INFO: [IP_Flow 19-1704] No user IP repositories specified
INFO: [IP_Flow 19-2313] Loaded Vivado IP repository 'C:/Xilinx/Vivado/2020.2/data/ip'.
update_compile_order -fileset sources_1
exit
INFO: [Common 17-206] Exiting Vivado at Thu Dec 14 17:35:37 2023...
